2026-06-18 09:58:38.356213+00:00 [notice] <0.209.0> Logging: configured log handlers are now ACTIVE
2026-06-18 09:58:38.360607+00:00 [info] <0.209.0> ra: starting system coordination
2026-06-18 09:58:38.360638+00:00 [info] <0.209.0> starting Ra system: coordination in directory: /var/lib/rabbitmq/mnesia/rabbit@1952b602a6fb/coordination/rabbit@1952b602a6fb
2026-06-18 09:58:38.367301+00:00 [info] <0.498.0> ra_coordination_log_ets: in system coordination initialising. Mem table opts: [set,{write_concurrency,auto},public,{compressed,false}]
2026-06-18 09:58:38.402283+00:00 [info] <0.504.0> ra system 'coordination' running pre init for 0 registered servers
2026-06-18 09:58:38.409718+00:00 [info] <0.505.0> ra: meta data store initialised for system coordination. 0 record(s) recovered
2026-06-18 09:58:38.412958+00:00 [info] <0.510.0> segment_writer: upgrading segment file names to new format in dirctory /var/lib/rabbitmq/mnesia/rabbit@1952b602a6fb/coordination/rabbit@1952b602a6fb
2026-06-18 09:58:38.422138+00:00 [notice] <0.512.0> WAL in coordination initialising with name ra_coordination_log_wal
2026-06-18 09:58:38.432789+00:00 [info] <0.209.0> ra: starting system quorum_queues
2026-06-18 09:58:38.432804+00:00 [info] <0.209.0> starting Ra system: quorum_queues in directory: /var/lib/rabbitmq/mnesia/rabbit@1952b602a6fb/quorum/rabbit@1952b602a6fb
2026-06-18 09:58:38.433383+00:00 [info] <0.516.0> ra_log_ets: in system quorum_queues initialising. Mem table opts: [set,{write_concurrency,auto},public,{compressed,true}]
2026-06-18 09:58:38.434013+00:00 [info] <0.520.0> ra system 'quorum_queues' running pre init for 0 registered servers
2026-06-18 09:58:38.434867+00:00 [info] <0.521.0> ra: meta data store initialised for system quorum_queues. 0 record(s) recovered
2026-06-18 09:58:38.435003+00:00 [info] <0.526.0> segment_writer: upgrading segment file names to new format in dirctory /var/lib/rabbitmq/mnesia/rabbit@1952b602a6fb/quorum/rabbit@1952b602a6fb
2026-06-18 09:58:38.435417+00:00 [notice] <0.528.0> WAL in quorum_queues initialising with name ra_log_wal
2026-06-18 09:58:38.437463+00:00 [info] <0.530.0> ra_system_recover: ra system 'quorum_queues' server recovery strategy rabbit_quorum_queue:system_recover
2026-06-18 09:58:38.437508+00:00 [info] <0.530.0> [rabbit_quorum_queue:system_recover/1] rabbit not booted, skipping queue recovery
2026-06-18 09:58:38.437587+00:00 [info] <0.209.0> ra: starting system coordination
2026-06-18 09:58:38.437609+00:00 [info] <0.209.0> starting Ra system: coordination in directory: /var/lib/rabbitmq/mnesia/rabbit@1952b602a6fb/coordination/rabbit@1952b602a6fb
2026-06-18 09:58:38.487560+00:00 [notice] <0.532.0> RabbitMQ metadata store: candidate -> leader in term: 1 machine version: 3, last applied 0
2026-06-18 09:58:38.488820+00:00 [info] <0.209.0> 
2026-06-18 09:58:38.488820+00:00 [info] <0.209.0>  Starting RabbitMQ 4.3.2 on Erlang 27.3.4.13 [jit]
2026-06-18 09:58:38.488820+00:00 [info] <0.209.0>  Copyright (c) 2007-2026 Broadcom Inc and/or its subsidiaries
2026-06-18 09:58:38.488820+00:00 [info] <0.209.0>  Licensed under the MPL 2.0. Website: https://rabbitmq.com
2026-06-18 09:58:38.489346+00:00 [info] <0.209.0> 
2026-06-18 09:58:38.489346+00:00 [info] <0.209.0>  node           : rabbit@1952b602a6fb
2026-06-18 09:58:38.489346+00:00 [info] <0.209.0>  home dir       : /var/lib/rabbitmq
2026-06-18 09:58:38.489346+00:00 [info] <0.209.0>  config file(s) : (none)
2026-06-18 09:58:38.489346+00:00 [info] <0.209.0>  log(s)         : /var/log/rabbitmq/rabbit@1952b602a6fb.log
2026-06-18 09:58:38.489346+00:00 [info] <0.209.0>                 : <stdout>
2026-06-18 09:58:38.489346+00:00 [info] <0.209.0>  data dir       : /var/lib/rabbitmq/mnesia/rabbit@1952b602a6fb
2026-06-18 09:58:38.512866+00:00 [notice] <0.535.0> Feature flags: attempt to enable `khepri_db`...
2026-06-18 09:58:38.531217+00:00 [notice] <0.535.0> Feature flags: `khepri_db` enabled
2026-06-18 09:58:38.531246+00:00 [notice] <0.535.0> Feature flags: attempt to enable `message_containers_deaths_v2`...
2026-06-18 09:58:38.536236+00:00 [notice] <0.535.0> Feature flags: `message_containers_deaths_v2` enabled
2026-06-18 09:58:38.536276+00:00 [notice] <0.535.0> Feature flags: attempt to enable `quorum_queue_non_voters`...
2026-06-18 09:58:38.539438+00:00 [notice] <0.535.0> Feature flags: `quorum_queue_non_voters` enabled
2026-06-18 09:58:38.539470+00:00 [notice] <0.535.0> Feature flags: attempt to enable `rabbit_exchange_type_local_random`...
2026-06-18 09:58:38.542876+00:00 [notice] <0.535.0> Feature flags: `rabbit_exchange_type_local_random` enabled
2026-06-18 09:58:38.542905+00:00 [notice] <0.535.0> Feature flags: attempt to enable `rabbitmq_4.0.0`...
2026-06-18 09:58:38.546810+00:00 [notice] <0.535.0> Feature flags: `rabbitmq_4.0.0` enabled
2026-06-18 09:58:38.546842+00:00 [notice] <0.535.0> Feature flags: attempt to enable `rabbitmq_4.1.0`...
2026-06-18 09:58:38.551775+00:00 [notice] <0.535.0> Feature flags: `rabbitmq_4.1.0` enabled
2026-06-18 09:58:38.551800+00:00 [notice] <0.535.0> Feature flags: attempt to enable `rabbitmq_4.2.0`...
2026-06-18 09:58:38.555783+00:00 [notice] <0.535.0> Feature flags: `rabbitmq_4.2.0` enabled
2026-06-18 09:58:38.557884+00:00 [info] <0.209.0> Running boot step pre_boot defined by app rabbit
2026-06-18 09:58:38.557905+00:00 [info] <0.209.0> Running boot step rabbit_global_counters defined by app rabbit
2026-06-18 09:58:38.558105+00:00 [info] <0.209.0> Running boot step rabbit_osiris_metrics defined by app rabbit
2026-06-18 09:58:38.558141+00:00 [info] <0.209.0> Running boot step rabbit_core_metrics defined by app rabbit
2026-06-18 09:58:38.558441+00:00 [info] <0.209.0> Running boot step worker_pool defined by app rabbit
2026-06-18 09:58:38.558470+00:00 [info] <0.534.0> Will use 8 processes for default worker pool
2026-06-18 09:58:38.558493+00:00 [info] <0.534.0> Starting worker pool 'worker_pool' with 8 processes in it
2026-06-18 09:58:38.561485+00:00 [info] <0.209.0> Running boot step rabbit_registry defined by app rabbit
2026-06-18 09:58:38.561521+00:00 [info] <0.209.0> Running boot step database defined by app rabbit
2026-06-18 09:58:38.561962+00:00 [info] <0.209.0> Peer discovery: configured backend: rabbit_peer_discovery_classic_config
2026-06-18 09:58:38.562074+00:00 [info] <0.535.0> Feature flags: starting an unclustered node for the first time: all stable feature flags will be enabled by default
2026-06-18 09:58:38.562289+00:00 [notice] <0.535.0> Feature flags: attempt to enable `topic_binding_projection_v5`...
2026-06-18 09:58:38.563524+00:00 [notice] <0.535.0> Feature flags: attempt to enable `topic_binding_projection_v4`...
2026-06-18 09:58:38.565049+00:00 [notice] <0.535.0> Feature flags: attempt to enable `rabbitmq_4.3.0`...
2026-06-18 09:58:38.568581+00:00 [notice] <0.535.0> Feature flags: `rabbitmq_4.3.0` enabled
2026-06-18 09:58:38.672551+00:00 [notice] <0.535.0> Feature flags: `topic_binding_projection_v4` enabled
2026-06-18 09:58:38.676947+00:00 [notice] <0.535.0> Feature flags: `topic_binding_projection_v5` enabled
2026-06-18 09:58:38.676977+00:00 [notice] <0.535.0> Feature flags: attempt to enable `tie_binding_to_dest_with_keep_while_cond`...
2026-06-18 09:58:38.688304+00:00 [notice] <0.535.0> Feature flags: `tie_binding_to_dest_with_keep_while_cond` enabled
2026-06-18 09:58:38.688333+00:00 [notice] <0.535.0> Feature flags: attempt to enable `track_qq_members_uids`...
2026-06-18 09:58:38.691552+00:00 [notice] <0.535.0> Feature flags: `track_qq_members_uids` enabled
2026-06-18 09:58:38.691614+00:00 [info] <0.209.0> DB: virgin node -> run peer discovery
2026-06-18 09:58:38.691822+00:00 [warning] <0.209.0> Classic peer discovery backend: list of nodes does not contain the local node []
2026-06-18 09:58:38.691860+00:00 [notice] <0.209.0> Found the following metadata store members: [{rabbitmq_metadata,
2026-06-18 09:58:38.691860+00:00 [notice] <0.209.0>                                               rabbit@1952b602a6fb}]
2026-06-18 09:58:38.697723+00:00 [info] <0.209.0> Running boot step tracking_metadata_store defined by app rabbit
2026-06-18 09:58:38.697775+00:00 [info] <0.636.0> Setting up a table for connection tracking on this node: tracked_connection
2026-06-18 09:58:38.697801+00:00 [info] <0.636.0> Setting up a table for per-vhost connection counting on this node: tracked_connection_per_vhost
2026-06-18 09:58:38.697839+00:00 [info] <0.636.0> Setting up a table for per-user connection counting on this node: tracked_connection_per_user
2026-06-18 09:58:38.697883+00:00 [info] <0.636.0> Setting up a table for channel tracking on this node: tracked_channel
2026-06-18 09:58:38.697918+00:00 [info] <0.636.0> Setting up a table for channel tracking on this node: tracked_channel_per_user
2026-06-18 09:58:38.697949+00:00 [info] <0.209.0> Running boot step networking_metadata_store defined by app rabbit
2026-06-18 09:58:38.697988+00:00 [info] <0.209.0> Running boot step feature_flags defined by app rabbit
2026-06-18 09:58:38.698135+00:00 [info] <0.209.0> Running boot step rabbit_alarm defined by app rabbit
2026-06-18 09:58:38.702500+00:00 [info] <0.641.0> Memory high watermark set to 4761 MiB (4993196851 bytes) of 7936 MiB (8321994752 bytes) total
2026-06-18 09:58:38.703808+00:00 [info] <0.643.0> Enabling free disk space monitoring (disk free space: 175640113152, total memory: 8321994752)
2026-06-18 09:58:38.703830+00:00 [info] <0.643.0> Disk free limit set to 50MB
2026-06-18 09:58:38.704648+00:00 [info] <0.209.0> Running boot step auth_backend_plugins_check defined by app rabbit
2026-06-18 09:58:38.704665+00:00 [info] <0.209.0> Running boot step codec_correctness_check defined by app rabbit
2026-06-18 09:58:38.704682+00:00 [info] <0.209.0> Running boot step external_infrastructure defined by app rabbit
2026-06-18 09:58:38.704701+00:00 [info] <0.209.0> Running boot step rabbit_event defined by app rabbit
2026-06-18 09:58:38.704749+00:00 [info] <0.209.0> Running boot step rabbit_auth_mechanism_amqplain defined by app rabbit
2026-06-18 09:58:38.704775+00:00 [info] <0.209.0> Running boot step rabbit_auth_mechanism_anonymous defined by app rabbit
2026-06-18 09:58:38.704805+00:00 [info] <0.209.0> Running boot step rabbit_auth_mechanism_cr_demo defined by app rabbit
2026-06-18 09:58:38.704829+00:00 [info] <0.209.0> Running boot step rabbit_auth_mechanism_plain defined by app rabbit
2026-06-18 09:58:38.704856+00:00 [info] <0.209.0> Running boot step rabbit_exchange_type_direct defined by app rabbit
2026-06-18 09:58:38.704892+00:00 [info] <0.209.0> Running boot step rabbit_exchange_type_fanout defined by app rabbit
2026-06-18 09:58:38.704921+00:00 [info] <0.209.0> Running boot step rabbit_exchange_type_headers defined by app rabbit
2026-06-18 09:58:38.704953+00:00 [info] <0.209.0> Running boot step rabbit_exchange_type_local_random defined by app rabbit
2026-06-18 09:58:38.704996+00:00 [info] <0.209.0> Running boot step rabbit_exchange_type_modulus_hash defined by app rabbit
2026-06-18 09:58:38.705030+00:00 [info] <0.209.0> Running boot step rabbit_exchange_type_topic defined by app rabbit
2026-06-18 09:58:38.705056+00:00 [info] <0.209.0> Running boot step rabbit_priority_queue defined by app rabbit
2026-06-18 09:58:38.705074+00:00 [info] <0.209.0> Priority queues enabled, real BQ is rabbit_variable_queue
2026-06-18 09:58:38.705114+00:00 [info] <0.209.0> Running boot step kernel_ready defined by app rabbit
2026-06-18 09:58:38.705146+00:00 [info] <0.209.0> Running boot step pg_local_amqp_connection defined by app rabbit
2026-06-18 09:58:38.706763+00:00 [info] <0.209.0> Running boot step pg_local_amqp_session defined by app rabbit
2026-06-18 09:58:38.706790+00:00 [info] <0.209.0> Running boot step rabbit_sysmon_minder defined by app rabbit
2026-06-18 09:58:38.706849+00:00 [info] <0.209.0> Running boot step rabbit_epmd_monitor defined by app rabbit
2026-06-18 09:58:38.707254+00:00 [info] <0.651.0> epmd monitor knows us, inter-node communication (distribution) port: 25672
2026-06-18 09:58:38.707306+00:00 [info] <0.209.0> Running boot step guid_generator defined by app rabbit
2026-06-18 09:58:38.707849+00:00 [info] <0.209.0> Running boot step rabbit_node_monitor defined by app rabbit
2026-06-18 09:58:38.707905+00:00 [info] <0.655.0> Starting rabbit_node_monitor
2026-06-18 09:58:38.707934+00:00 [info] <0.209.0> Running boot step delegate_sup defined by app rabbit
2026-06-18 09:58:38.708120+00:00 [info] <0.209.0> Running boot step rabbit_chaos defined by app rabbit
2026-06-18 09:58:38.708153+00:00 [info] <0.209.0> Running boot step rabbit_fifo_dlx_sup defined by app rabbit
2026-06-18 09:58:38.708173+00:00 [info] <0.209.0> Running boot step core_initialized defined by app rabbit
2026-06-18 09:58:38.708181+00:00 [info] <0.209.0> Running boot step rabbit_channel_tracking_handler defined by app rabbit
2026-06-18 09:58:38.708227+00:00 [info] <0.209.0> Running boot step rabbit_classic_queue_type defined by app rabbit
2026-06-18 09:58:38.708249+00:00 [info] <0.209.0> Running boot step rabbit_classic_queue defined by app rabbit
2026-06-18 09:58:38.708277+00:00 [info] <0.209.0> Running boot step rabbit_connection_tracking_handler defined by app rabbit
2026-06-18 09:58:38.708296+00:00 [info] <0.209.0> Running boot step rabbit_definitions_hashing defined by app rabbit
2026-06-18 09:58:38.708316+00:00 [info] <0.209.0> Running boot step rabbit_exchange_parameters defined by app rabbit
2026-06-18 09:58:38.708506+00:00 [info] <0.209.0> Running boot step rabbit_policies defined by app rabbit
2026-06-18 09:58:38.708603+00:00 [info] <0.209.0> Running boot step rabbit_quorum_queue_type defined by app rabbit
2026-06-18 09:58:38.708627+00:00 [info] <0.209.0> Running boot step rabbit_stream_queue defined by app rabbit
2026-06-18 09:58:38.708638+00:00 [info] <0.209.0> Running boot step rabbit_policy defined by app rabbit
2026-06-18 09:58:38.708659+00:00 [info] <0.209.0> Running boot step rabbit_quorum_event_subscriber defined by app rabbit
2026-06-18 09:58:38.708686+00:00 [info] <0.209.0> Running boot step rabbit_quorum_queue defined by app rabbit
2026-06-18 09:58:38.708846+00:00 [info] <0.209.0> Running boot step quorum_memory_alarm_handler defined by app rabbit
2026-06-18 09:58:38.708864+00:00 [info] <0.209.0> Running boot step rabbit_stream_coordinator defined by app rabbit
2026-06-18 09:58:38.708924+00:00 [info] <0.209.0> Running boot step rabbit_vhost_limit defined by app rabbit
2026-06-18 09:58:38.708956+00:00 [info] <0.209.0> Running boot step recovery defined by app rabbit
2026-06-18 09:58:38.708995+00:00 [info] <0.209.0> Running boot step prevent_startup_if_node_was_reset defined by app rabbit
2026-06-18 09:58:38.709005+00:00 [info] <0.209.0> Running boot step empty_db_check defined by app rabbit
2026-06-18 09:58:38.709050+00:00 [info] <0.209.0> Will seed default virtual host and user...
2026-06-18 09:58:38.709101+00:00 [info] <0.209.0> Adding vhost '/' (description: 'Default virtual host', tags: [])
2026-06-18 09:58:38.711270+00:00 [info] <0.680.0> Making sure data directory '/var/lib/rabbitmq/mnesia/rabbit@1952b602a6fb/msg_stores/vhosts/628WB79CIFDYO9LJI6DKMI09L' for vhost '/' exists
2026-06-18 09:58:38.711999+00:00 [info] <0.680.0> Setting segment_entry_count for vhost '/' with 0 queues to '2048'
2026-06-18 09:58:38.715648+00:00 [info] <0.680.0> Starting message stores for vhost '/'
2026-06-18 09:58:38.716543+00:00 [info] <0.680.0> Started message store of type transient for vhost '/'
2026-06-18 09:58:38.723774+00:00 [warning] <0.693.0> Message store "628WB79CIFDYO9LJI6DKMI09L/msg_store_persistent": rebuilding indices from scratch
2026-06-18 09:58:38.724291+00:00 [info] <0.680.0> Started message store of type persistent for vhost '/'
2026-06-18 09:58:38.724337+00:00 [info] <0.680.0> Recovering 0 queues of type rabbit_classic_queue took 10ms
2026-06-18 09:58:38.724355+00:00 [info] <0.680.0> Recovering 0 queues of type rabbit_quorum_queue took 0ms
2026-06-18 09:58:38.724380+00:00 [info] <0.680.0> Recovering 0 queues of type rabbit_stream_queue took 0ms
2026-06-18 09:58:38.724630+00:00 [info] <0.209.0> Created user 'admin'
2026-06-18 09:58:38.731230+00:00 [info] <0.209.0> Successfully set user tags for user 'admin' to [administrator]
2026-06-18 09:58:38.736765+00:00 [info] <0.209.0> Successfully set permissions for user 'admin' in virtual host '/' to '.*', '.*', '.*'
2026-06-18 09:58:38.736789+00:00 [info] <0.209.0> Running boot step rabbit_observer_cli defined by app rabbit
2026-06-18 09:58:38.736811+00:00 [info] <0.209.0> Running boot step rabbit_core_metrics_gc defined by app rabbit
2026-06-18 09:58:38.736905+00:00 [info] <0.209.0> Running boot step background_gc defined by app rabbit
2026-06-18 09:58:38.736957+00:00 [info] <0.209.0> Running boot step rabbit_observer_cli_classic_queues defined by app rabbit
2026-06-18 09:58:38.736987+00:00 [info] <0.209.0> Running boot step rabbit_observer_cli_quorum_queues defined by app rabbit
2026-06-18 09:58:38.737019+00:00 [info] <0.209.0> Running boot step routing_ready defined by app rabbit
2026-06-18 09:58:38.737029+00:00 [info] <0.209.0> Running boot step pre_flight defined by app rabbit
2026-06-18 09:58:38.737050+00:00 [info] <0.209.0> Running boot step notify_cluster defined by app rabbit
2026-06-18 09:58:38.737070+00:00 [info] <0.209.0> Running boot step networking defined by app rabbit
2026-06-18 09:58:38.737084+00:00 [info] <0.209.0> Running boot step rabbit_quorum_queue_periodic_membership_reconciliation defined by app rabbit
2026-06-18 09:58:38.737115+00:00 [info] <0.209.0> Running boot step definition_import_worker_pool defined by app rabbit
2026-06-18 09:58:38.737161+00:00 [info] <0.534.0> Starting worker pool 'definition_import_pool' with 8 processes in it
2026-06-18 09:58:38.737460+00:00 [info] <0.209.0> Running boot step cluster_name defined by app rabbit
2026-06-18 09:58:38.737510+00:00 [info] <0.209.0> Initialising internal cluster ID to 'rabbitmq-cluster-id-Np5ZXzuF4HbLWmyIns7vCw'
2026-06-18 09:58:38.737771+00:00 [info] <0.209.0> Running boot step virtual_host_reconciliation defined by app rabbit
2026-06-18 09:58:38.737843+00:00 [info] <0.209.0> Running boot step direct_client defined by app rabbit
2026-06-18 09:58:38.737888+00:00 [info] <0.209.0> Running boot step logger_exchange defined by app rabbit
2026-06-18 09:58:38.738100+00:00 [info] <0.209.0> Running boot step cluster_tags defined by app rabbit
2026-06-18 09:58:38.738282+00:00 [info] <0.209.0> Running boot step queue_type_registrations defined by app rabbit
2026-06-18 09:58:38.738328+00:00 [info] <0.729.0> Resetting node maintenance status
2026-06-18 09:58:38.738536+00:00 [info] <0.729.0> Ready to start client connection listeners
2026-06-18 09:58:38.747675+00:00 [info] <0.747.0> started TCP listener on [::]:5672
2026-06-18 09:58:38.785721+00:00 [info] <0.729.0> Server startup complete; 0 plugins started.
2026-06-18 09:58:38.942979+00:00 [info] <0.10.0> Time to start RabbitMQ: 1336 ms
2026-06-18 10:00:28.963029+00:00 [info] <0.899.0> accepting AMQP connection 192.168.65.1:47122 -> 172.19.0.3:5672
2026-06-18 10:00:28.966082+00:00 [info] <0.899.0> connection 192.168.65.1:47122 -> 172.19.0.3:5672: user 'admin' authenticated and granted access to vhost '/'
2026-06-18 10:19:50.610929+00:00 [warning] <0.899.0> closing AMQP connection <0.899.0> (192.168.65.1:47122 -> 172.19.0.3:5672, vhost: '/', user: 'admin', duration: '19M, 21s'):
2026-06-18 10:19:50.610929+00:00 [warning] <0.899.0> client unexpectedly closed TCP connection
